\BOOKMARK [0][-]{chapter.1}{\376\377\0001\000\040\000M\000a\000i\000n\000\040\000P\000a\000g\000e\000\040}{}% 1
\BOOKMARK [1][-]{section.1.1}{\376\377\0001\000.\0001\000\040\000d\000s\000P\000I\000C\0003\0003\000\040\000B\000u\000g\000g\000y\000\040\000C\000o\000n\000t\000r\000o\000l\000\040\000F\000i\000r\000m\000w\000a\000r\000e}{chapter.1}% 2
\BOOKMARK [2][-]{subsection.1.1.1}{\376\377\0001\000.\0001\000.\0001\000\040\000S\000y\000s\000t\000e\000m\000\040\000A\000r\000c\000h\000i\000t\000e\000c\000t\000u\000r\000e}{section.1.1}% 3
\BOOKMARK [2][-]{subsection.1.1.2}{\376\377\0001\000.\0001\000.\0002\000\040\000F\000i\000n\000i\000t\000e\000\040\000S\000t\000a\000t\000e\000\040\000M\000a\000c\000h\000i\000n\000e\000\040\000\050\000F\000S\000M\000\051}{section.1.1}% 4
\BOOKMARK [3][-]{subsubsection.1.1.2.1}{\376\377\0001\000.\0001\000.\0002\000.\0001\000\040\0001\000.\000\040\000S\000T\000A\000T\000E\000\137\000H\000A\000L\000T\000E\000D}{subsection.1.1.2}% 5
\BOOKMARK [3][-]{subsubsection.1.1.2.2}{\376\377\0001\000.\0001\000.\0002\000.\0002\000\040\0002\000.\000\040\000S\000T\000A\000T\000E\000\137\000M\000O\000V\000I\000N\000G}{subsection.1.1.2}% 6
\BOOKMARK [3][-]{subsubsection.1.1.2.3}{\376\377\0001\000.\0001\000.\0002\000.\0003\000\040\0003\000.\000\040\000S\000T\000A\000T\000E\000\137\000O\000B\000S\000T\000A\000C\000L\000E\000\137\000A\000V\000O\000I\000D\000A\000N\000C\000E}{subsection.1.1.2}% 7
\BOOKMARK [2][-]{subsection.1.1.3}{\376\377\0001\000.\0001\000.\0003\000\040\000R\000e\000a\000l\000-\000T\000i\000m\000e\000\040\000T\000a\000s\000k\000\040\000S\000c\000h\000e\000d\000u\000l\000e\000r\000\040\000M\000a\000t\000r\000i\000x}{section.1.1}% 8
\BOOKMARK [2][-]{subsection.1.1.4}{\376\377\0001\000.\0001\000.\0004\000\040\000H\000-\000B\000r\000i\000d\000g\000e\000\040\000A\000c\000t\000u\000a\000t\000i\000o\000n\000\040\000L\000o\000g\000i\000c\000\040\000M\000a\000p\000p\000i\000n\000g}{section.1.1}% 9
\BOOKMARK [2][-]{subsection.1.1.5}{\376\377\0001\000.\0001\000.\0005\000\040\000T\000h\000e\000\040\000b\000l\000u\000e\000t\000o\000o\000t\000h\000\040\000i\000n\000t\000e\000r\000f\000a\000c\000e\000\040\000\050\000L\000i\000n\000u\000x\000/\000m\000a\000c\000O\000S\000\040\000N\000a\000t\000i\000v\000e\000\051}{section.1.1}% 10
\BOOKMARK [3][-]{subsubsection.1.1.5.1}{\376\377\0001\000.\0001\000.\0005\000.\0001\000\040\000N\000a\000t\000i\000v\000e\000\040\000E\000x\000e\000c\000u\000t\000i\000o\000n\000\040\000\050\000L\000i\000n\000u\000x\000/\000m\000a\000c\000O\000S\000\051}{subsection.1.1.5}% 11
\BOOKMARK [2][-]{subsection.1.1.6}{\376\377\0001\000.\0001\000.\0006\000\040\000P\000r\000o\000j\000e\000c\000t\000\040\000D\000o\000c\000u\000m\000e\000n\000t\000a\000t\000i\000o\000n}{section.1.1}% 12
\BOOKMARK [0][-]{chapter.2}{\376\377\0002\000\040\000D\000a\000t\000a\000\040\000S\000t\000r\000u\000c\000t\000u\000r\000e\000\040\000I\000n\000d\000e\000x}{}% 13
\BOOKMARK [1][-]{section.2.1}{\376\377\0002\000.\0001\000\040\000D\000a\000t\000a\000\040\000S\000t\000r\000u\000c\000t\000u\000r\000e\000s}{chapter.2}% 14
\BOOKMARK [0][-]{chapter.3}{\376\377\0003\000\040\000F\000i\000l\000e\000\040\000I\000n\000d\000e\000x}{}% 15
\BOOKMARK [1][-]{section.3.1}{\376\377\0003\000.\0001\000\040\000F\000i\000l\000e\000\040\000L\000i\000s\000t}{chapter.3}% 16
\BOOKMARK [0][-]{chapter.4}{\376\377\0004\000\040\000D\000a\000t\000a\000\040\000S\000t\000r\000u\000c\000t\000u\000r\000e\000\040\000D\000o\000c\000u\000m\000e\000n\000t\000a\000t\000i\000o\000n}{}% 17
\BOOKMARK [1][-]{section.4.1}{\376\377\0004\000.\0001\000\040\000a\000d\000c\000S\000t\000a\000t\000e\000\040\000S\000t\000r\000u\000c\000t\000\040\000R\000e\000f\000e\000r\000e\000n\000c\000e}{chapter.4}% 18
\BOOKMARK [2][-]{subsection.4.1.1}{\376\377\0004\000.\0001\000.\0001\000\040\000D\000e\000t\000a\000i\000l\000e\000d\000\040\000D\000e\000s\000c\000r\000i\000p\000t\000i\000o\000n}{section.4.1}% 19
\BOOKMARK [2][-]{subsection.4.1.2}{\376\377\0004\000.\0001\000.\0002\000\040\000F\000i\000e\000l\000d\000\040\000D\000o\000c\000u\000m\000e\000n\000t\000a\000t\000i\000o\000n}{section.4.1}% 20
\BOOKMARK [3][-]{subsubsection.4.1.2.1}{\376\377\0004\000.\0001\000.\0002\000.\0001\000\040\000b\000a\000t\000t\000e\000r\000y\000\137\000v\000o\000l\000t\000a\000g\000e}{subsection.4.1.2}% 21
\BOOKMARK [3][-]{subsubsection.4.1.2.2}{\376\377\0004\000.\0001\000.\0002\000.\0002\000\040\000i\000r\000\137\000d\000i\000s\000t\000a\000n\000c\000e}{subsection.4.1.2}% 22
\BOOKMARK [1][-]{section.4.2}{\376\377\0004\000.\0002\000\040\000B\000u\000t\000t\000o\000n\000S\000t\000a\000t\000e\000\040\000S\000t\000r\000u\000c\000t\000\040\000R\000e\000f\000e\000r\000e\000n\000c\000e}{chapter.4}% 23
\BOOKMARK [2][-]{subsection.4.2.1}{\376\377\0004\000.\0002\000.\0001\000\040\000D\000e\000t\000a\000i\000l\000e\000d\000\040\000D\000e\000s\000c\000r\000i\000p\000t\000i\000o\000n}{section.4.2}% 24
\BOOKMARK [2][-]{subsection.4.2.2}{\376\377\0004\000.\0002\000.\0002\000\040\000F\000i\000e\000l\000d\000\040\000D\000o\000c\000u\000m\000e\000n\000t\000a\000t\000i\000o\000n}{section.4.2}% 25
\BOOKMARK [3][-]{subsubsection.4.2.2.1}{\376\377\0004\000.\0002\000.\0002\000.\0001\000\040\000d\000e\000b\000o\000u\000n\000c\000e\000\137\000c\000o\000u\000n\000t\000e\000r}{subsection.4.2.2}% 26
\BOOKMARK [3][-]{subsubsection.4.2.2.2}{\376\377\0004\000.\0002\000.\0002\000.\0002\000\040\000p\000r\000e\000v\000\137\000s\000t\000a\000t\000e}{subsection.4.2.2}% 27
\BOOKMARK [1][-]{section.4.3}{\376\377\0004\000.\0003\000\040\000c\000i\000r\000c\000u\000l\000a\000r\000\137\000b\000u\000f\000f\000e\000r\000\040\000S\000t\000r\000u\000c\000t\000\040\000R\000e\000f\000e\000r\000e\000n\000c\000e}{chapter.4}% 28
\BOOKMARK [2][-]{subsection.4.3.1}{\376\377\0004\000.\0003\000.\0001\000\040\000D\000e\000t\000a\000i\000l\000e\000d\000\040\000D\000e\000s\000c\000r\000i\000p\000t\000i\000o\000n}{section.4.3}% 29
\BOOKMARK [2][-]{subsection.4.3.2}{\376\377\0004\000.\0003\000.\0002\000\040\000F\000i\000e\000l\000d\000\040\000D\000o\000c\000u\000m\000e\000n\000t\000a\000t\000i\000o\000n}{section.4.3}% 30
\BOOKMARK [3][-]{subsubsection.4.3.2.1}{\376\377\0004\000.\0003\000.\0002\000.\0001\000\040\000d\000a\000t\000a}{subsection.4.3.2}% 31
\BOOKMARK [3][-]{subsubsection.4.3.2.2}{\376\377\0004\000.\0003\000.\0002\000.\0002\000\040\000i\000d\000x\000H}{subsection.4.3.2}% 32
\BOOKMARK [3][-]{subsubsection.4.3.2.3}{\376\377\0004\000.\0003\000.\0002\000.\0003\000\040\000i\000d\000x\000T}{subsection.4.3.2}% 33
\BOOKMARK [3][-]{subsubsection.4.3.2.4}{\376\377\0004\000.\0003\000.\0002\000.\0004\000\040\000s\000i\000z\000e}{subsection.4.3.2}% 34
\BOOKMARK [1][-]{section.4.4}{\376\377\0004\000.\0004\000\040\000I\000M\000U\000d\000a\000t\000a\000\040\000S\000t\000r\000u\000c\000t\000\040\000R\000e\000f\000e\000r\000e\000n\000c\000e}{chapter.4}% 35
\BOOKMARK [2][-]{subsection.4.4.1}{\376\377\0004\000.\0004\000.\0001\000\040\000D\000e\000t\000a\000i\000l\000e\000d\000\040\000D\000e\000s\000c\000r\000i\000p\000t\000i\000o\000n}{section.4.4}% 36
\BOOKMARK [2][-]{subsection.4.4.2}{\376\377\0004\000.\0004\000.\0002\000\040\000F\000i\000e\000l\000d\000\040\000D\000o\000c\000u\000m\000e\000n\000t\000a\000t\000i\000o\000n}{section.4.4}% 37
\BOOKMARK [3][-]{subsubsection.4.4.2.1}{\376\377\0004\000.\0004\000.\0002\000.\0001\000\040\000x}{subsection.4.4.2}% 38
\BOOKMARK [3][-]{subsubsection.4.4.2.2}{\376\377\0004\000.\0004\000.\0002\000.\0002\000\040\000y}{subsection.4.4.2}% 39
\BOOKMARK [3][-]{subsubsection.4.4.2.3}{\376\377\0004\000.\0004\000.\0002\000.\0003\000\040\000z}{subsection.4.4.2}% 40
\BOOKMARK [1][-]{section.4.5}{\376\377\0004\000.\0005\000\040\000M\000i\000s\000s\000i\000o\000n\000C\000o\000n\000t\000r\000o\000l\000\137\000t\000\040\000S\000t\000r\000u\000c\000t\000\040\000R\000e\000f\000e\000r\000e\000n\000c\000e}{chapter.4}% 41
\BOOKMARK [2][-]{subsection.4.5.1}{\376\377\0004\000.\0005\000.\0001\000\040\000D\000e\000t\000a\000i\000l\000e\000d\000\040\000D\000e\000s\000c\000r\000i\000p\000t\000i\000o\000n}{section.4.5}% 42
\BOOKMARK [2][-]{subsection.4.5.2}{\376\377\0004\000.\0005\000.\0002\000\040\000F\000i\000e\000l\000d\000\040\000D\000o\000c\000u\000m\000e\000n\000t\000a\000t\000i\000o\000n}{section.4.5}% 43
\BOOKMARK [3][-]{subsubsection.4.5.2.1}{\376\377\0004\000.\0005\000.\0002\000.\0001\000\040\000c\000u\000r\000r\000e\000n\000t\000\137\000p\000h\000a\000s\000e}{subsection.4.5.2}% 44
\BOOKMARK [3][-]{subsubsection.4.5.2.2}{\376\377\0004\000.\0005\000.\0002\000.\0002\000\040\000n\000e\000x\000t\000\137\000p\000h\000a\000s\000e}{subsection.4.5.2}% 45
\BOOKMARK [3][-]{subsubsection.4.5.2.3}{\376\377\0004\000.\0005\000.\0002\000.\0003\000\040\000o\000b\000s\000t\000a\000c\000l\000e\000\137\000c\000o\000u\000n\000t\000e\000r}{subsection.4.5.2}% 46
\BOOKMARK [3][-]{subsubsection.4.5.2.4}{\376\377\0004\000.\0005\000.\0002\000.\0004\000\040\000p\000h\000a\000s\000e\000\137\000c\000o\000u\000n\000t\000e\000r}{subsection.4.5.2}% 47
\BOOKMARK [1][-]{section.4.6}{\376\377\0004\000.\0006\000\040\000R\000o\000b\000o\000t\000S\000t\000a\000t\000e\000\137\000t\000\040\000S\000t\000r\000u\000c\000t\000\040\000R\000e\000f\000e\000r\000e\000n\000c\000e}{chapter.4}% 48
\BOOKMARK [2][-]{subsection.4.6.1}{\376\377\0004\000.\0006\000.\0001\000\040\000D\000e\000t\000a\000i\000l\000e\000d\000\040\000D\000e\000s\000c\000r\000i\000p\000t\000i\000o\000n}{section.4.6}% 49
\BOOKMARK [2][-]{subsection.4.6.2}{\376\377\0004\000.\0006\000.\0002\000\040\000F\000i\000e\000l\000d\000\040\000D\000o\000c\000u\000m\000e\000n\000t\000a\000t\000i\000o\000n}{section.4.6}% 50
\BOOKMARK [3][-]{subsubsection.4.6.2.1}{\376\377\0004\000.\0006\000.\0002\000.\0001\000\040\000a\000t\000t\000i\000t\000u\000d\000e}{subsection.4.6.2}% 51
\BOOKMARK [3][-]{subsubsection.4.6.2.2}{\376\377\0004\000.\0006\000.\0002\000.\0002\000\040\000c\000m\000d\000\137\000v\000e\000l}{subsection.4.6.2}% 52
\BOOKMARK [3][-]{subsubsection.4.6.2.3}{\376\377\0004\000.\0006\000.\0002\000.\0003\000\040\000i\000o}{subsection.4.6.2}% 53
\BOOKMARK [3][-]{subsubsection.4.6.2.4}{\376\377\0004\000.\0006\000.\0002\000.\0004\000\040\000m\000i\000s\000s\000i\000o\000n}{subsection.4.6.2}% 54
\BOOKMARK [3][-]{subsubsection.4.6.2.5}{\376\377\0004\000.\0006\000.\0002\000.\0005\000\040\000s\000e\000n\000s\000o\000r\000s}{subsection.4.6.2}% 55
\BOOKMARK [1][-]{section.4.7}{\376\377\0004\000.\0007\000\040\000S\000y\000s\000t\000e\000m\000A\000t\000t\000i\000t\000u\000d\000e\000\137\000t\000\040\000S\000t\000r\000u\000c\000t\000\040\000R\000e\000f\000e\000r\000e\000n\000c\000e}{chapter.4}% 56
\BOOKMARK [2][-]{subsection.4.7.1}{\376\377\0004\000.\0007\000.\0001\000\040\000D\000e\000t\000a\000i\000l\000e\000d\000\040\000D\000e\000s\000c\000r\000i\000p\000t\000i\000o\000n}{section.4.7}% 57
\BOOKMARK [2][-]{subsection.4.7.2}{\376\377\0004\000.\0007\000.\0002\000\040\000F\000i\000e\000l\000d\000\040\000D\000o\000c\000u\000m\000e\000n\000t\000a\000t\000i\000o\000n}{section.4.7}% 58
\BOOKMARK [3][-]{subsubsection.4.7.2.1}{\376\377\0004\000.\0007\000.\0002\000.\0001\000\040\000p\000i\000t\000c\000h}{subsection.4.7.2}% 59
\BOOKMARK [3][-]{subsubsection.4.7.2.2}{\376\377\0004\000.\0007\000.\0002\000.\0002\000\040\000r\000e\000l\000a\000t\000i\000v\000e\000\137\000y\000a\000w}{subsection.4.7.2}% 60
\BOOKMARK [3][-]{subsubsection.4.7.2.3}{\376\377\0004\000.\0007\000.\0002\000.\0003\000\040\000r\000o\000l\000l}{subsection.4.7.2}% 61
\BOOKMARK [3][-]{subsubsection.4.7.2.4}{\376\377\0004\000.\0007\000.\0002\000.\0004\000\040\000y\000a\000w}{subsection.4.7.2}% 62
\BOOKMARK [1][-]{section.4.8}{\376\377\0004\000.\0008\000\040\000S\000y\000s\000t\000e\000m\000I\000O\000\137\000t\000\040\000S\000t\000r\000u\000c\000t\000\040\000R\000e\000f\000e\000r\000e\000n\000c\000e}{chapter.4}% 63
\BOOKMARK [2][-]{subsection.4.8.1}{\376\377\0004\000.\0008\000.\0001\000\040\000D\000e\000t\000a\000i\000l\000e\000d\000\040\000D\000e\000s\000c\000r\000i\000p\000t\000i\000o\000n}{section.4.8}% 64
\BOOKMARK [2][-]{subsection.4.8.2}{\376\377\0004\000.\0008\000.\0002\000\040\000F\000i\000e\000l\000d\000\040\000D\000o\000c\000u\000m\000e\000n\000t\000a\000t\000i\000o\000n}{section.4.8}% 65
\BOOKMARK [3][-]{subsubsection.4.8.2.1}{\376\377\0004\000.\0008\000.\0002\000.\0001\000\040\000b\000t\000n\000\137\000r\000e\0008}{subsection.4.8.2}% 66
\BOOKMARK [3][-]{subsubsection.4.8.2.2}{\376\377\0004\000.\0008\000.\0002\000.\0002\000\040\000b\000t\000n\000\137\000r\000e\0009}{subsection.4.8.2}% 67
\BOOKMARK [3][-]{subsubsection.4.8.2.3}{\376\377\0004\000.\0008\000.\0002\000.\0003\000\040\000c\000h\000a\000r\000\137\000r\000e\000c\000e\000i\000v\000e\000d}{subsection.4.8.2}% 68
\BOOKMARK [3][-]{subsubsection.4.8.2.4}{\376\377\0004\000.\0008\000.\0002\000.\0004\000\040\000r\000x\000\137\000c\000m\000d}{subsection.4.8.2}% 69
\BOOKMARK [3][-]{subsubsection.4.8.2.5}{\376\377\0004\000.\0008\000.\0002\000.\0005\000\040\000t\000x\000\137\000b\000u\000f\000f\000e\000r}{subsection.4.8.2}% 70
\BOOKMARK [1][-]{section.4.9}{\376\377\0004\000.\0009\000\040\000S\000y\000s\000t\000e\000m\000S\000e\000n\000s\000o\000r\000s\000\137\000t\000\040\000S\000t\000r\000u\000c\000t\000\040\000R\000e\000f\000e\000r\000e\000n\000c\000e}{chapter.4}% 71
\BOOKMARK [2][-]{subsection.4.9.1}{\376\377\0004\000.\0009\000.\0001\000\040\000D\000e\000t\000a\000i\000l\000e\000d\000\040\000D\000e\000s\000c\000r\000i\000p\000t\000i\000o\000n}{section.4.9}% 72
\BOOKMARK [2][-]{subsection.4.9.2}{\376\377\0004\000.\0009\000.\0002\000\040\000F\000i\000e\000l\000d\000\040\000D\000o\000c\000u\000m\000e\000n\000t\000a\000t\000i\000o\000n}{section.4.9}% 73
\BOOKMARK [3][-]{subsubsection.4.9.2.1}{\376\377\0004\000.\0009\000.\0002\000.\0001\000\040\000a\000c\000c\000\137\000r\000a\000w}{subsection.4.9.2}% 74
\BOOKMARK [3][-]{subsubsection.4.9.2.2}{\376\377\0004\000.\0009\000.\0002\000.\0002\000\040\000a\000c\000c\000\137\000x}{subsection.4.9.2}% 75
\BOOKMARK [3][-]{subsubsection.4.9.2.3}{\376\377\0004\000.\0009\000.\0002\000.\0003\000\040\000a\000c\000c\000\137\000y}{subsection.4.9.2}% 76
\BOOKMARK [3][-]{subsubsection.4.9.2.4}{\376\377\0004\000.\0009\000.\0002\000.\0004\000\040\000a\000c\000c\000\137\000z}{subsection.4.9.2}% 77
\BOOKMARK [3][-]{subsubsection.4.9.2.5}{\376\377\0004\000.\0009\000.\0002\000.\0005\000\040\000a\000d\000c\000\137\000s\000t\000a\000t\000u\000s}{subsection.4.9.2}% 78
\BOOKMARK [3][-]{subsubsection.4.9.2.6}{\376\377\0004\000.\0009\000.\0002\000.\0006\000\040\000b\000a\000t\000t\000e\000r\000y\000\137\000v\000o\000l\000t\000a\000g\000e}{subsection.4.9.2}% 79
\BOOKMARK [3][-]{subsubsection.4.9.2.7}{\376\377\0004\000.\0009\000.\0002\000.\0007\000\040\000g\000y\000r\000\137\000r\000a\000w}{subsection.4.9.2}% 80
\BOOKMARK [3][-]{subsubsection.4.9.2.8}{\376\377\0004\000.\0009\000.\0002\000.\0008\000\040\000i\000r\000\137\000d\000i\000s\000t\000a\000n\000c\000e}{subsection.4.9.2}% 81
\BOOKMARK [3][-]{subsubsection.4.9.2.9}{\376\377\0004\000.\0009\000.\0002\000.\0009\000\040\000m\000a\000g\000\137\000r\000a\000w}{subsection.4.9.2}% 82
\BOOKMARK [1][-]{section.4.10}{\376\377\0004\000.\0001\0000\000\040\000t\000a\000s\000k\000y\000\040\000S\000t\000r\000u\000c\000t\000\040\000R\000e\000f\000e\000r\000e\000n\000c\000e}{chapter.4}% 83
\BOOKMARK [2][-]{subsection.4.10.1}{\376\377\0004\000.\0001\0000\000.\0001\000\040\000D\000e\000t\000a\000i\000l\000e\000d\000\040\000D\000e\000s\000c\000r\000i\000p\000t\000i\000o\000n}{section.4.10}% 84
\BOOKMARK [2][-]{subsection.4.10.2}{\376\377\0004\000.\0001\0000\000.\0002\000\040\000F\000i\000e\000l\000d\000\040\000D\000o\000c\000u\000m\000e\000n\000t\000a\000t\000i\000o\000n}{section.4.10}% 85
\BOOKMARK [3][-]{subsubsection.4.10.2.1}{\376\377\0004\000.\0001\0000\000.\0002\000.\0001\000\040\000a\000r\000g}{subsection.4.10.2}% 86
\BOOKMARK [3][-]{subsubsection.4.10.2.2}{\376\377\0004\000.\0001\0000\000.\0002\000.\0002\000\040\000e\000n\000a\000b\000l\000e}{subsection.4.10.2}% 87
\BOOKMARK [3][-]{subsubsection.4.10.2.3}{\376\377\0004\000.\0001\0000\000.\0002\000.\0003\000\040\000f}{subsection.4.10.2}% 88
\BOOKMARK [3][-]{subsubsection.4.10.2.4}{\376\377\0004\000.\0001\0000\000.\0002\000.\0004\000\040\000N}{subsection.4.10.2}% 89
\BOOKMARK [3][-]{subsubsection.4.10.2.5}{\376\377\0004\000.\0001\0000\000.\0002\000.\0005\000\040\000n}{subsection.4.10.2}% 90
\BOOKMARK [1][-]{section.4.11}{\376\377\0004\000.\0001\0001\000\040\000T\000w\000i\000s\000t\000\137\000t\000\040\000S\000t\000r\000u\000c\000t\000\040\000R\000e\000f\000e\000r\000e\000n\000c\000e}{chapter.4}% 91
\BOOKMARK [2][-]{subsection.4.11.1}{\376\377\0004\000.\0001\0001\000.\0001\000\040\000D\000e\000t\000a\000i\000l\000e\000d\000\040\000D\000e\000s\000c\000r\000i\000p\000t\000i\000o\000n}{section.4.11}% 92
\BOOKMARK [2][-]{subsection.4.11.2}{\376\377\0004\000.\0001\0001\000.\0002\000\040\000F\000i\000e\000l\000d\000\040\000D\000o\000c\000u\000m\000e\000n\000t\000a\000t\000i\000o\000n}{section.4.11}% 93
\BOOKMARK [3][-]{subsubsection.4.11.2.1}{\376\377\0004\000.\0001\0001\000.\0002\000.\0001\000\040\000v}{subsection.4.11.2}% 94
\BOOKMARK [3][-]{subsubsection.4.11.2.2}{\376\377\0004\000.\0001\0001\000.\0002\000.\0002\000\040\000w}{subsection.4.11.2}% 95
\BOOKMARK [0][-]{chapter.5}{\376\377\0005\000\040\000F\000i\000l\000e\000\040\000D\000o\000c\000u\000m\000e\000n\000t\000a\000t\000i\000o\000n}{}% 96
\BOOKMARK [1][-]{section.5.1}{\376\377\0005\000.\0001\000\040\000i\000n\000c\000l\000u\000d\000e\000/\000c\000o\000r\000e\000/\000c\000o\000n\000f\000i\000g\000.\000h\000\040\000F\000i\000l\000e\000\040\000R\000e\000f\000e\000r\000e\000n\000c\000e}{chapter.5}% 97
\BOOKMARK [2][-]{subsection.5.1.1}{\376\377\0005\000.\0001\000.\0001\000\040\000D\000e\000t\000a\000i\000l\000e\000d\000\040\000D\000e\000s\000c\000r\000i\000p\000t\000i\000o\000n}{section.5.1}% 98
\BOOKMARK [2][-]{subsection.5.1.2}{\376\377\0005\000.\0001\000.\0002\000\040\000M\000a\000c\000r\000o\000\040\000D\000e\000f\000i\000n\000i\000t\000i\000o\000n\000\040\000D\000o\000c\000u\000m\000e\000n\000t\000a\000t\000i\000o\000n}{section.5.1}% 99
\BOOKMARK [3][-]{subsubsection.5.1.2.1}{\376\377\0005\000.\0001\000.\0002\000.\0001\000\040\000A\000C\000C\000\137\000C\000H\000I\000P\000\137\000I\000D}{subsection.5.1.2}% 100
\BOOKMARK [3][-]{subsubsection.5.1.2.2}{\376\377\0005\000.\0001\000.\0002\000.\0002\000\040\000A\000C\000C\000\137\000C\000S\000\137\000L\000A\000T}{subsection.5.1.2}% 101
\BOOKMARK [3][-]{subsubsection.5.1.2.3}{\376\377\0005\000.\0001\000.\0002\000.\0003\000\040\000A\000C\000C\000\137\000C\000S\000\137\000T\000R\000I\000S}{subsection.5.1.2}% 102
\BOOKMARK [3][-]{subsubsection.5.1.2.4}{\376\377\0005\000.\0001\000.\0002\000.\0004\000\040\000B\000A\000U\000D\000R\000A\000T\000E}{subsection.5.1.2}% 103
\BOOKMARK [3][-]{subsubsection.5.1.2.5}{\376\377\0005\000.\0001\000.\0002\000.\0005\000\040\000B\000R\000G\000V\000A\000L}{subsection.5.1.2}% 104
\BOOKMARK [3][-]{subsubsection.5.1.2.6}{\376\377\0005\000.\0001\000.\0002\000.\0006\000\040\000B\000T\000N\000\137\000T\0001\000\137\000P\000O\000R\000T}{subsection.5.1.2}% 105
\BOOKMARK [3][-]{subsubsection.5.1.2.7}{\376\377\0005\000.\0001\000.\0002\000.\0007\000\040\000B\000T\000N\000\137\000T\0001\000\137\000T\000R\000I\000S}{subsection.5.1.2}% 106
\BOOKMARK [3][-]{subsubsection.5.1.2.8}{\376\377\0005\000.\0001\000.\0002\000.\0008\000\040\000B\000T\000N\000\137\000T\0002\000\137\000P\000O\000R\000T}{subsection.5.1.2}% 107
\BOOKMARK [3][-]{subsubsection.5.1.2.9}{\376\377\0005\000.\0001\000.\0002\000.\0009\000\040\000B\000T\000N\000\137\000T\0002\000\137\000T\000R\000I\000S}{subsection.5.1.2}% 108
\BOOKMARK [3][-]{subsubsection.5.1.2.10}{\376\377\0005\000.\0001\000.\0002\000.\0001\0000\000\040\000F\000C\000Y}{subsection.5.1.2}% 109
\BOOKMARK [3][-]{subsubsection.5.1.2.11}{\376\377\0005\000.\0001\000.\0002\000.\0001\0001\000\040\000G\000Y\000R\000\137\000C\000H\000I\000P\000\137\000I\000D}{subsection.5.1.2}% 110
\BOOKMARK [3][-]{subsubsection.5.1.2.12}{\376\377\0005\000.\0001\000.\0002\000.\0001\0002\000\040\000G\000Y\000R\000\137\000C\000S\000\137\000L\000A\000T}{subsection.5.1.2}% 111
\BOOKMARK [3][-]{subsubsection.5.1.2.13}{\376\377\0005\000.\0001\000.\0002\000.\0001\0003\000\040\000G\000Y\000R\000\137\000C\000S\000\137\000T\000R\000I\000S}{subsection.5.1.2}% 112
\BOOKMARK [3][-]{subsubsection.5.1.2.14}{\376\377\0005\000.\0001\000.\0002\000.\0001\0004\000\040\000L\000E\000D\0001\000\137\000L\000A\000T}{subsection.5.1.2}% 113
\BOOKMARK [3][-]{subsubsection.5.1.2.15}{\376\377\0005\000.\0001\000.\0002\000.\0001\0005\000\040\000L\000E\000D\0001\000\137\000T\000R\000I\000S}{subsection.5.1.2}% 114
\BOOKMARK [3][-]{subsubsection.5.1.2.16}{\376\377\0005\000.\0001\000.\0002\000.\0001\0006\000\040\000L\000I\000L\000\137\000L\000A\000T}{subsection.5.1.2}% 115
\BOOKMARK [3][-]{subsubsection.5.1.2.17}{\376\377\0005\000.\0001\000.\0002\000.\0001\0007\000\040\000L\000I\000L\000\137\000T\000R\000I\000S}{subsection.5.1.2}% 116
\BOOKMARK [3][-]{subsubsection.5.1.2.18}{\376\377\0005\000.\0001\000.\0002\000.\0001\0008\000\040\000L\000S\000L\000\137\000L\000A\000T}{subsection.5.1.2}% 117
\BOOKMARK [3][-]{subsubsection.5.1.2.19}{\376\377\0005\000.\0001\000.\0002\000.\0001\0009\000\040\000L\000S\000L\000\137\000T\000R\000I\000S}{subsection.5.1.2}% 118
\BOOKMARK [3][-]{subsubsection.5.1.2.20}{\376\377\0005\000.\0001\000.\0002\000.\0002\0000\000\040\000M\000A\000G\000\137\000C\000H\000I\000P\000\137\000I\000D}{subsection.5.1.2}% 119
\BOOKMARK [3][-]{subsubsection.5.1.2.21}{\376\377\0005\000.\0001\000.\0002\000.\0002\0001\000\040\000M\000A\000G\000\137\000C\000S\000\137\000L\000A\000T}{subsection.5.1.2}% 120
\BOOKMARK [3][-]{subsubsection.5.1.2.22}{\376\377\0005\000.\0001\000.\0002\000.\0002\0002\000\040\000M\000A\000G\000\137\000C\000S\000\137\000T\000R\000I\000S}{subsection.5.1.2}% 121
\BOOKMARK [3][-]{subsubsection.5.1.2.23}{\376\377\0005\000.\0001\000.\0002\000.\0002\0003\000\040\000M\000A\000G\000\137\000O\000F\000F\000S\000E\000T\000\137\000X}{subsection.5.1.2}% 122
\BOOKMARK [3][-]{subsubsection.5.1.2.24}{\376\377\0005\000.\0001\000.\0002\000.\0002\0004\000\040\000M\000A\000G\000\137\000O\000F\000F\000S\000E\000T\000\137\000Y}{subsection.5.1.2}% 123
\BOOKMARK [3][-]{subsubsection.5.1.2.25}{\376\377\0005\000.\0001\000.\0002\000.\0002\0005\000\040\000M\000A\000G\000\137\000O\000F\000F\000S\000E\000T\000\137\000Z}{subsection.5.1.2}% 124
\BOOKMARK [3][-]{subsubsection.5.1.2.26}{\376\377\0005\000.\0001\000.\0002\000.\0002\0006\000\040\000M\000S\000G\000\137\000E\000R\000R\000\137\000I\000N\000P\000U\000T}{subsection.5.1.2}% 125
\BOOKMARK [3][-]{subsubsection.5.1.2.27}{\376\377\0005\000.\0001\000.\0002\000.\0002\0007\000\040\000R\000A\000D\000\137\000T\000O\000\137\000D\000E\000G}{subsection.5.1.2}% 126
\BOOKMARK [3][-]{subsubsection.5.1.2.28}{\376\377\0005\000.\0001\000.\0002\000.\0002\0008\000\040\000R\000S\000L\000\137\000L\000A\000T}{subsection.5.1.2}% 127
\BOOKMARK [3][-]{subsubsection.5.1.2.29}{\376\377\0005\000.\0001\000.\0002\000.\0002\0009\000\040\000R\000S\000L\000\137\000T\000R\000I\000S}{subsection.5.1.2}% 128
\BOOKMARK [3][-]{subsubsection.5.1.2.30}{\376\377\0005\000.\0001\000.\0002\000.\0003\0000\000\040\000S\000P\000I\0001\000\137\000M\000I\000S\000O\000\137\000R\000P\000I\000N}{subsection.5.1.2}% 129
\BOOKMARK [3][-]{subsubsection.5.1.2.31}{\376\377\0005\000.\0001\000.\0002\000.\0003\0001\000\040\000S\000P\000I\0001\000\137\000M\000O\000S\000I\000\137\000R\000P\000I\000N}{subsection.5.1.2}% 130
\BOOKMARK [3][-]{subsubsection.5.1.2.32}{\376\377\0005\000.\0001\000.\0002\000.\0003\0002\000\040\000S\000P\000I\0001\000\137\000P\000P\000R\000E}{subsection.5.1.2}% 131
\BOOKMARK [3][-]{subsubsection.5.1.2.33}{\376\377\0005\000.\0001\000.\0002\000.\0003\0003\000\040\000S\000P\000I\0001\000\137\000S\000C\000K\000\137\000R\000P\000I\000N}{subsection.5.1.2}% 132
\BOOKMARK [3][-]{subsubsection.5.1.2.34}{\376\377\0005\000.\0001\000.\0002\000.\0003\0004\000\040\000S\000P\000I\0001\000\137\000S\000P\000R\000E}{subsection.5.1.2}% 133
\BOOKMARK [3][-]{subsubsection.5.1.2.35}{\376\377\0005\000.\0001\000.\0002\000.\0003\0005\000\040\000U\000A\000R\000T\0001\000\137\000R\000X\000\137\000R\000P\000I\000N}{subsection.5.1.2}% 134
\BOOKMARK [3][-]{subsubsection.5.1.2.36}{\376\377\0005\000.\0001\000.\0002\000.\0003\0006\000\040\000U\000A\000R\000T\0001\000\137\000T\000X\000\137\000R\000P\000I\000N}{subsection.5.1.2}% 135
\BOOKMARK [1][-]{section.5.2}{\376\377\0005\000.\0002\000\040\000c\000o\000n\000f\000i\000g\000.\000h}{chapter.5}% 136
\BOOKMARK [1][-]{section.5.3}{\376\377\0005\000.\0003\000\040\000i\000n\000c\000l\000u\000d\000e\000/\000c\000o\000r\000e\000/\000f\000s\000m\000.\000h\000\040\000F\000i\000l\000e\000\040\000R\000e\000f\000e\000r\000e\000n\000c\000e}{chapter.5}% 137
\BOOKMARK [2][-]{subsection.5.3.1}{\376\377\0005\000.\0003\000.\0001\000\040\000D\000e\000t\000a\000i\000l\000e\000d\000\040\000D\000e\000s\000c\000r\000i\000p\000t\000i\000o\000n}{section.5.3}% 138
\BOOKMARK [2][-]{subsection.5.3.2}{\376\377\0005\000.\0003\000.\0002\000\040\000E\000n\000u\000m\000e\000r\000a\000t\000i\000o\000n\000\040\000T\000y\000p\000e\000\040\000D\000o\000c\000u\000m\000e\000n\000t\000a\000t\000i\000o\000n}{section.5.3}% 139
\BOOKMARK [3][-]{subsubsection.5.3.2.1}{\376\377\0005\000.\0003\000.\0002\000.\0001\000\040\000E\000v\000e\000n\000t\000\137\000t}{subsection.5.3.2}% 140
\BOOKMARK [3][-]{subsubsection.5.3.2.2}{\376\377\0005\000.\0003\000.\0002\000.\0002\000\040\000S\000t\000a\000t\000e\000\137\000t}{subsection.5.3.2}% 141
\BOOKMARK [2][-]{subsection.5.3.3}{\376\377\0005\000.\0003\000.\0003\000\040\000F\000u\000n\000c\000t\000i\000o\000n\000\040\000D\000o\000c\000u\000m\000e\000n\000t\000a\000t\000i\000o\000n}{section.5.3}% 142
\BOOKMARK [3][-]{subsubsection.5.3.3.1}{\376\377\0005\000.\0003\000.\0003\000.\0001\000\040\000d\000i\000s\000p\000a\000t\000c\000h\000\137\000e\000v\000e\000n\000t\000\050\000\051}{subsection.5.3.3}% 143
\BOOKMARK [3][-]{subsubsection.5.3.3.2}{\376\377\0005\000.\0003\000.\0003\000.\0002\000\040\000f\000s\000m\000\137\000i\000n\000i\000t\000\050\000\051}{subsection.5.3.3}% 144
\BOOKMARK [3][-]{subsubsection.5.3.3.3}{\376\377\0005\000.\0003\000.\0003\000.\0003\000\040\000g\000e\000t\000\137\000c\000u\000r\000r\000e\000n\000t\000\137\000s\000t\000a\000t\000e\000\050\000\051}{subsection.5.3.3}% 145
\BOOKMARK [1][-]{section.5.4}{\376\377\0005\000.\0004\000\040\000f\000s\000m\000.\000h}{chapter.5}% 146
\BOOKMARK [1][-]{section.5.5}{\376\377\0005\000.\0005\000\040\000i\000n\000c\000l\000u\000d\000e\000/\000c\000o\000r\000e\000/\000r\000o\000b\000o\000t\000\137\000s\000t\000a\000t\000e\000.\000h\000\040\000F\000i\000l\000e\000\040\000R\000e\000f\000e\000r\000e\000n\000c\000e}{chapter.5}% 147
\BOOKMARK [2][-]{subsection.5.5.1}{\376\377\0005\000.\0005\000.\0001\000\040\000D\000e\000t\000a\000i\000l\000e\000d\000\040\000D\000e\000s\000c\000r\000i\000p\000t\000i\000o\000n}{section.5.5}% 148
\BOOKMARK [2][-]{subsection.5.5.2}{\376\377\0005\000.\0005\000.\0002\000\040\000E\000n\000u\000m\000e\000r\000a\000t\000i\000o\000n\000\040\000T\000y\000p\000e\000\040\000D\000o\000c\000u\000m\000e\000n\000t\000a\000t\000i\000o\000n}{section.5.5}% 149
\BOOKMARK [3][-]{subsubsection.5.5.2.1}{\376\377\0005\000.\0005\000.\0002\000.\0001\000\040\000O\000b\000A\000v\000P\000h\000a\000s\000e\000\137\000t}{subsection.5.5.2}% 150
\BOOKMARK [1][-]{section.5.6}{\376\377\0005\000.\0006\000\040\000r\000o\000b\000o\000t\000\137\000s\000t\000a\000t\000e\000.\000h}{chapter.5}% 151
\BOOKMARK [1][-]{section.5.7}{\376\377\0005\000.\0007\000\040\000i\000n\000c\000l\000u\000d\000e\000/\000c\000o\000r\000e\000/\000s\000c\000h\000e\000d\000u\000l\000e\000r\000.\000h\000\040\000F\000i\000l\000e\000\040\000R\000e\000f\000e\000r\000e\000n\000c\000e}{chapter.5}% 152
\BOOKMARK [2][-]{subsection.5.7.1}{\376\377\0005\000.\0007\000.\0001\000\040\000D\000e\000t\000a\000i\000l\000e\000d\000\040\000D\000e\000s\000c\000r\000i\000p\000t\000i\000o\000n}{section.5.7}% 153
\BOOKMARK [2][-]{subsection.5.7.2}{\376\377\0005\000.\0007\000.\0002\000\040\000M\000a\000c\000r\000o\000\040\000D\000e\000f\000i\000n\000i\000t\000i\000o\000n\000\040\000D\000o\000c\000u\000m\000e\000n\000t\000a\000t\000i\000o\000n}{section.5.7}% 154
\BOOKMARK [3][-]{subsubsection.5.7.2.1}{\376\377\0005\000.\0007\000.\0002\000.\0001\000\040\000t\000i\000c\000k\000\137\000m\000s}{subsection.5.7.2}% 155
\BOOKMARK [2][-]{subsection.5.7.3}{\376\377\0005\000.\0007\000.\0003\000\040\000F\000u\000n\000c\000t\000i\000o\000n\000\040\000D\000o\000c\000u\000m\000e\000n\000t\000a\000t\000i\000o\000n}{section.5.7}% 156
\BOOKMARK [3][-]{subsubsection.5.7.3.1}{\376\377\0005\000.\0007\000.\0003\000.\0001\000\040\000d\000i\000s\000a\000b\000l\000e\000\137\000t\000a\000s\000k\000\050\000\051}{subsection.5.7.3}% 157
\BOOKMARK [3][-]{subsubsection.5.7.3.2}{\376\377\0005\000.\0007\000.\0003\000.\0002\000\040\000e\000n\000a\000b\000l\000e\000\137\000t\000a\000s\000k\000\050\000\051}{subsection.5.7.3}% 158
\BOOKMARK [3][-]{subsubsection.5.7.3.3}{\376\377\0005\000.\0007\000.\0003\000.\0003\000\040\000r\000e\000g\000i\000s\000t\000e\000r\000\137\000t\000a\000s\000k\000\050\000\051}{subsection.5.7.3}% 159
\BOOKMARK [3][-]{subsubsection.5.7.3.4}{\376\377\0005\000.\0007\000.\0003\000.\0004\000\040\000s\000c\000h\000e\000d\000u\000l\000e\000r\000\050\000\051}{subsection.5.7.3}% 160
\BOOKMARK [1][-]{section.5.8}{\376\377\0005\000.\0008\000\040\000s\000c\000h\000e\000d\000u\000l\000e\000r\000.\000h}{chapter.5}% 161
\BOOKMARK [1][-]{section.5.9}{\376\377\0005\000.\0009\000\040\000i\000n\000c\000l\000u\000d\000e\000/\000c\000o\000r\000e\000/\000t\000a\000s\000k\000s\000.\000h\000\040\000F\000i\000l\000e\000\040\000R\000e\000f\000e\000r\000e\000n\000c\000e}{chapter.5}% 162
\BOOKMARK [2][-]{subsection.5.9.1}{\376\377\0005\000.\0009\000.\0001\000\040\000D\000e\000t\000a\000i\000l\000e\000d\000\040\000D\000e\000s\000c\000r\000i\000p\000t\000i\000o\000n}{section.5.9}% 163
\BOOKMARK [2][-]{subsection.5.9.2}{\376\377\0005\000.\0009\000.\0002\000\040\000F\000u\000n\000c\000t\000i\000o\000n\000\040\000D\000o\000c\000u\000m\000e\000n\000t\000a\000t\000i\000o\000n}{section.5.9}% 164
\BOOKMARK [3][-]{subsubsection.5.9.2.1}{\376\377\0005\000.\0009\000.\0002\000.\0001\000\040\000h\000w\000\137\000i\000n\000i\000t\000\050\000\051}{subsection.5.9.2}% 165
\BOOKMARK [3][-]{subsubsection.5.9.2.2}{\376\377\0005\000.\0009\000.\0002\000.\0002\000\040\000t\000a\000s\000k\000s\000\137\000i\000n\000i\000t\000\050\000\051}{subsection.5.9.2}% 166
\BOOKMARK [1][-]{section.5.10}{\376\377\0005\000.\0001\0000\000\040\000t\000a\000s\000k\000s\000.\000h}{chapter.5}% 167
\BOOKMARK [1][-]{section.5.11}{\376\377\0005\000.\0001\0001\000\040\000i\000n\000c\000l\000u\000d\000e\000/\000d\000r\000i\000v\000e\000r\000s\000/\000a\000d\000c\000.\000h\000\040\000F\000i\000l\000e\000\040\000R\000e\000f\000e\000r\000e\000n\000c\000e}{chapter.5}% 168
\BOOKMARK [2][-]{subsection.5.11.1}{\376\377\0005\000.\0001\0001\000.\0001\000\040\000D\000e\000t\000a\000i\000l\000e\000d\000\040\000D\000e\000s\000c\000r\000i\000p\000t\000i\000o\000n}{section.5.11}% 169
\BOOKMARK [2][-]{subsection.5.11.2}{\376\377\0005\000.\0001\0001\000.\0002\000\040\000F\000u\000n\000c\000t\000i\000o\000n\000\040\000D\000o\000c\000u\000m\000e\000n\000t\000a\000t\000i\000o\000n}{section.5.11}% 170
\BOOKMARK [3][-]{subsubsection.5.11.2.1}{\376\377\0005\000.\0001\0001\000.\0002\000.\0001\000\040\000a\000d\000c\000\137\000c\000o\000n\000v\000e\000r\000t\000e\000r\000\050\000\051}{subsection.5.11.2}% 171
\BOOKMARK [3][-]{subsubsection.5.11.2.2}{\376\377\0005\000.\0001\0001\000.\0002\000.\0002\000\040\000a\000d\000c\000\137\000i\000n\000i\000t\000\050\000\051}{subsection.5.11.2}% 172
\BOOKMARK [3][-]{subsubsection.5.11.2.3}{\376\377\0005\000.\0001\0001\000.\0002\000.\0003\000\040\000a\000d\000c\000\137\000s\000c\000a\000n\000\137\000a\000u\000t\000o\000\050\000\051}{subsection.5.11.2}% 173
\BOOKMARK [1][-]{section.5.12}{\376\377\0005\000.\0001\0002\000\040\000a\000d\000c\000.\000h}{chapter.5}% 174
\BOOKMARK [1][-]{section.5.13}{\376\377\0005\000.\0001\0003\000\040\000i\000n\000c\000l\000u\000d\000e\000/\000d\000r\000i\000v\000e\000r\000s\000/\000B\000O\000S\000C\000H\000\137\000B\000M\000X\0000\0005\0005\000.\000h\000\040\000F\000i\000l\000e\000\040\000R\000e\000f\000e\000r\000e\000n\000c\000e}{chapter.5}% 175
\BOOKMARK [2][-]{subsection.5.13.1}{\376\377\0005\000.\0001\0003\000.\0001\000\040\000D\000e\000t\000a\000i\000l\000e\000d\000\040\000D\000e\000s\000c\000r\000i\000p\000t\000i\000o\000n}{section.5.13}% 176
\BOOKMARK [2][-]{subsection.5.13.2}{\376\377\0005\000.\0001\0003\000.\0002\000\040\000F\000u\000n\000c\000t\000i\000o\000n\000\040\000D\000o\000c\000u\000m\000e\000n\000t\000a\000t\000i\000o\000n}{section.5.13}% 177
\BOOKMARK [3][-]{subsubsection.5.13.2.1}{\376\377\0005\000.\0001\0003\000.\0002\000.\0001\000\040\000B\000M\000X\0000\0005\0005\000\137\000m\000a\000g\000\137\000w\000a\000k\000e\000u\000p\000\050\000\051}{subsection.5.13.2}% 178
\BOOKMARK [3][-]{subsubsection.5.13.2.2}{\376\377\0005\000.\0001\0003\000.\0002\000.\0002\000\040\000B\000M\000X\0000\0005\0005\000\137\000s\000e\000t\000u\000p\000\050\000\051}{subsection.5.13.2}% 179
\BOOKMARK [3][-]{subsubsection.5.13.2.3}{\376\377\0005\000.\0001\0003\000.\0002\000.\0003\000\040\000i\000m\000u\000R\000e\000a\000d\000\050\000\051}{subsection.5.13.2}% 180
\BOOKMARK [1][-]{section.5.14}{\376\377\0005\000.\0001\0004\000\040\000B\000O\000S\000C\000H\000\137\000B\000M\000X\0000\0005\0005\000.\000h}{chapter.5}% 181
\BOOKMARK [1][-]{section.5.15}{\376\377\0005\000.\0001\0005\000\040\000i\000n\000c\000l\000u\000d\000e\000/\000d\000r\000i\000v\000e\000r\000s\000/\000b\000u\000t\000t\000o\000n\000.\000h\000\040\000F\000i\000l\000e\000\040\000R\000e\000f\000e\000r\000e\000n\000c\000e}{chapter.5}% 182
\BOOKMARK [2][-]{subsection.5.15.1}{\376\377\0005\000.\0001\0005\000.\0001\000\040\000D\000e\000t\000a\000i\000l\000e\000d\000\040\000D\000e\000s\000c\000r\000i\000p\000t\000i\000o\000n}{section.5.15}% 183
\BOOKMARK [2][-]{subsection.5.15.2}{\376\377\0005\000.\0001\0005\000.\0002\000\040\000M\000a\000c\000r\000o\000\040\000D\000e\000f\000i\000n\000i\000t\000i\000o\000n\000\040\000D\000o\000c\000u\000m\000e\000n\000t\000a\000t\000i\000o\000n}{section.5.15}% 184
\BOOKMARK [3][-]{subsubsection.5.15.2.1}{\376\377\0005\000.\0001\0005\000.\0002\000.\0001\000\040\000M\000A\000X\000D\000E\000B\000C\000Y\000C\000L\000E}{subsection.5.15.2}% 185
\BOOKMARK [2][-]{subsection.5.15.3}{\376\377\0005\000.\0001\0005\000.\0003\000\040\000F\000u\000n\000c\000t\000i\000o\000n\000\040\000D\000o\000c\000u\000m\000e\000n\000t\000a\000t\000i\000o\000n}{section.5.15}% 186
\BOOKMARK [3][-]{subsubsection.5.15.3.1}{\376\377\0005\000.\0001\0005\000.\0003\000.\0001\000\040\000b\000u\000t\000t\000o\000n\000\137\000h\000a\000s\000\137\000j\000u\000s\000t\000\137\000b\000e\000e\000n\000\137\000p\000r\000e\000s\000s\000e\000d\000\050\000\051}{subsection.5.15.3}% 187
\BOOKMARK [3][-]{subsubsection.5.15.3.2}{\376\377\0005\000.\0001\0005\000.\0003\000.\0002\000\040\000b\000u\000t\000t\000o\000n\000\137\000i\000n\000i\000t\000\050\000\051}{subsection.5.15.3}% 188
\BOOKMARK [1][-]{section.5.16}{\376\377\0005\000.\0001\0006\000\040\000b\000u\000t\000t\000o\000n\000.\000h}{chapter.5}% 189
\BOOKMARK [1][-]{section.5.17}{\376\377\0005\000.\0001\0007\000\040\000i\000n\000c\000l\000u\000d\000e\000/\000d\000r\000i\000v\000e\000r\000s\000/\000p\000w\000m\000.\000h\000\040\000F\000i\000l\000e\000\040\000R\000e\000f\000e\000r\000e\000n\000c\000e}{chapter.5}% 190
\BOOKMARK [2][-]{subsection.5.17.1}{\376\377\0005\000.\0001\0007\000.\0001\000\040\000D\000e\000t\000a\000i\000l\000e\000d\000\040\000D\000e\000s\000c\000r\000i\000p\000t\000i\000o\000n}{section.5.17}% 191
\BOOKMARK [2][-]{subsection.5.17.2}{\376\377\0005\000.\0001\0007\000.\0002\000\040\000F\000u\000n\000c\000t\000i\000o\000n\000\040\000D\000o\000c\000u\000m\000e\000n\000t\000a\000t\000i\000o\000n}{section.5.17}% 192
\BOOKMARK [3][-]{subsubsection.5.17.2.1}{\376\377\0005\000.\0001\0007\000.\0002\000.\0001\000\040\000e\000x\000e\000c\000u\000t\000e\000\137\000m\000o\000t\000i\000o\000n\000\050\000\051}{subsection.5.17.2}% 193
\BOOKMARK [3][-]{subsubsection.5.17.2.2}{\376\377\0005\000.\0001\0007\000.\0002\000.\0002\000\040\000p\000w\000m\000\137\000i\000n\000i\000t\000\050\000\051}{subsection.5.17.2}% 194
\BOOKMARK [3][-]{subsubsection.5.17.2.3}{\376\377\0005\000.\0001\0007\000.\0002\000.\0003\000\040\000p\000w\000m\000\137\000s\000e\000t\000\137\000d\000u\000t\000y\000\137\000c\000y\000c\000l\000e\000\050\000\051}{subsection.5.17.2}% 195
\BOOKMARK [1][-]{section.5.18}{\376\377\0005\000.\0001\0008\000\040\000p\000w\000m\000.\000h}{chapter.5}% 196
\BOOKMARK [1][-]{section.5.19}{\376\377\0005\000.\0001\0009\000\040\000i\000n\000c\000l\000u\000d\000e\000/\000d\000r\000i\000v\000e\000r\000s\000/\000s\000p\000i\000.\000h\000\040\000F\000i\000l\000e\000\040\000R\000e\000f\000e\000r\000e\000n\000c\000e}{chapter.5}% 197
\BOOKMARK [2][-]{subsection.5.19.1}{\376\377\0005\000.\0001\0009\000.\0001\000\040\000D\000e\000t\000a\000i\000l\000e\000d\000\040\000D\000e\000s\000c\000r\000i\000p\000t\000i\000o\000n}{section.5.19}% 198
\BOOKMARK [2][-]{subsection.5.19.2}{\376\377\0005\000.\0001\0009\000.\0002\000\040\000F\000u\000n\000c\000t\000i\000o\000n\000\040\000D\000o\000c\000u\000m\000e\000n\000t\000a\000t\000i\000o\000n}{section.5.19}% 199
\BOOKMARK [3][-]{subsubsection.5.19.2.1}{\376\377\0005\000.\0001\0009\000.\0002\000.\0001\000\040\000s\000p\000i\0001\000\137\000m\000i\000k\000r\000o\000b\000u\000s\0001\000\137\000s\000e\000t\000u\000p\000\050\000\051}{subsection.5.19.2}% 200
\BOOKMARK [3][-]{subsubsection.5.19.2.2}{\376\377\0005\000.\0001\0009\000.\0002\000.\0002\000\040\000s\000p\000i\0001\000\137\000w\000r\000i\000t\000e\000\050\000\051}{subsection.5.19.2}% 201
\BOOKMARK [1][-]{section.5.20}{\376\377\0005\000.\0002\0000\000\040\000s\000p\000i\000.\000h}{chapter.5}% 202
\BOOKMARK [1][-]{section.5.21}{\376\377\0005\000.\0002\0001\000\040\000i\000n\000c\000l\000u\000d\000e\000/\000d\000r\000i\000v\000e\000r\000s\000/\000t\000i\000m\000e\000r\000.\000h\000\040\000F\000i\000l\000e\000\040\000R\000e\000f\000e\000r\000e\000n\000c\000e}{chapter.5}% 203
\BOOKMARK [2][-]{subsection.5.21.1}{\376\377\0005\000.\0002\0001\000.\0001\000\040\000D\000e\000t\000a\000i\000l\000e\000d\000\040\000D\000e\000s\000c\000r\000i\000p\000t\000i\000o\000n}{section.5.21}% 204
\BOOKMARK [2][-]{subsection.5.21.2}{\376\377\0005\000.\0002\0001\000.\0002\000\040\000F\000u\000n\000c\000t\000i\000o\000n\000\040\000D\000o\000c\000u\000m\000e\000n\000t\000a\000t\000i\000o\000n}{section.5.21}% 205
\BOOKMARK [3][-]{subsubsection.5.21.2.1}{\376\377\0005\000.\0002\0001\000.\0002\000.\0001\000\040\000t\000m\000r\000\137\000s\000e\000t\000u\000p\000\137\000p\000e\000r\000i\000o\000d\000\050\000\051}{subsection.5.21.2}% 206
\BOOKMARK [3][-]{subsubsection.5.21.2.2}{\376\377\0005\000.\0002\0001\000.\0002\000.\0002\000\040\000t\000m\000r\000\137\000w\000a\000i\000t\000\137\000m\000s\000\050\000\051}{subsection.5.21.2}% 207
\BOOKMARK [3][-]{subsubsection.5.21.2.3}{\376\377\0005\000.\0002\0001\000.\0002\000.\0003\000\040\000t\000m\000r\000\137\000w\000a\000i\000t\000\137\000p\000e\000r\000i\000o\000d\000\050\000\051}{subsection.5.21.2}% 208
\BOOKMARK [1][-]{section.5.22}{\376\377\0005\000.\0002\0002\000\040\000t\000i\000m\000e\000r\000.\000h}{chapter.5}% 209
\BOOKMARK [1][-]{section.5.23}{\376\377\0005\000.\0002\0003\000\040\000i\000n\000c\000l\000u\000d\000e\000/\000d\000r\000i\000v\000e\000r\000s\000/\000u\000a\000r\000t\000.\000h\000\040\000F\000i\000l\000e\000\040\000R\000e\000f\000e\000r\000e\000n\000c\000e}{chapter.5}% 210
\BOOKMARK [2][-]{subsection.5.23.1}{\376\377\0005\000.\0002\0003\000.\0001\000\040\000D\000e\000t\000a\000i\000l\000e\000d\000\040\000D\000e\000s\000c\000r\000i\000p\000t\000i\000o\000n}{section.5.23}% 211
\BOOKMARK [2][-]{subsection.5.23.2}{\376\377\0005\000.\0002\0003\000.\0002\000\040\000M\000a\000c\000r\000o\000\040\000D\000e\000f\000i\000n\000i\000t\000i\000o\000n\000\040\000D\000o\000c\000u\000m\000e\000n\000t\000a\000t\000i\000o\000n}{section.5.23}% 212
\BOOKMARK [3][-]{subsubsection.5.23.2.1}{\376\377\0005\000.\0002\0003\000.\0002\000.\0001\000\040\000U\000A\000R\000T\000\137\000R\000X\000\137\000B\000U\000F\000\137\000S\000I\000Z\000E}{subsection.5.23.2}% 213
\BOOKMARK [3][-]{subsubsection.5.23.2.2}{\376\377\0005\000.\0002\0003\000.\0002\000.\0002\000\040\000U\000A\000R\000T\000\137\000T\000X\000\137\000B\000U\000F\000\137\000S\000I\000Z\000E}{subsection.5.23.2}% 214
\BOOKMARK [2][-]{subsection.5.23.3}{\376\377\0005\000.\0002\0003\000.\0003\000\040\000F\000u\000n\000c\000t\000i\000o\000n\000\040\000D\000o\000c\000u\000m\000e\000n\000t\000a\000t\000i\000o\000n}{section.5.23}% 215
\BOOKMARK [3][-]{subsubsection.5.23.3.1}{\376\377\0005\000.\0002\0003\000.\0003\000.\0001\000\040\000\137\000U\0001\000R\000X\000I\000n\000t\000e\000r\000r\000u\000p\000t\000\050\000\051}{subsection.5.23.3}% 216
\BOOKMARK [3][-]{subsubsection.5.23.3.2}{\376\377\0005\000.\0002\0003\000.\0003\000.\0002\000\040\000\137\000U\0001\000T\000X\000I\000n\000t\000e\000r\000r\000u\000p\000t\000\050\000\051}{subsection.5.23.3}% 217
\BOOKMARK [3][-]{subsubsection.5.23.3.3}{\376\377\0005\000.\0002\0003\000.\0003\000.\0003\000\040\000u\000a\000r\000t\0001\000\137\000g\000e\000t\000\137\000r\000x\000\137\000c\000o\000u\000n\000t\000\050\000\051}{subsection.5.23.3}% 218
\BOOKMARK [3][-]{subsubsection.5.23.3.4}{\376\377\0005\000.\0002\0003\000.\0003\000.\0004\000\040\000u\000a\000r\000t\0001\000\137\000g\000e\000t\000\137\000t\000x\000\137\000c\000o\000u\000n\000t\000\050\000\051}{subsection.5.23.3}% 219
\BOOKMARK [3][-]{subsubsection.5.23.3.5}{\376\377\0005\000.\0002\0003\000.\0003\000.\0005\000\040\000u\000a\000r\000t\0001\000\137\000m\000i\000k\000r\000o\000b\000u\000s\0002\000\137\000s\000e\000t\000u\000p\000\050\000\051}{subsection.5.23.3}% 220
\BOOKMARK [3][-]{subsubsection.5.23.3.6}{\376\377\0005\000.\0002\0003\000.\0003\000.\0006\000\040\000u\000a\000r\000t\0001\000\137\000r\000e\000a\000d\000\137\000c\000h\000a\000r\000\050\000\051}{subsection.5.23.3}% 221
\BOOKMARK [3][-]{subsubsection.5.23.3.7}{\376\377\0005\000.\0002\0003\000.\0003\000.\0007\000\040\000u\000a\000r\000t\0001\000\137\000w\000r\000i\000t\000e\000\050\000\051}{subsection.5.23.3}% 222
\BOOKMARK [1][-]{section.5.24}{\376\377\0005\000.\0002\0004\000\040\000u\000a\000r\000t\000.\000h}{chapter.5}% 223
\BOOKMARK [1][-]{section.5.25}{\376\377\0005\000.\0002\0005\000\040\000s\000r\000c\000/\000c\000o\000r\000e\000/\000f\000s\000m\000.\000c\000\040\000F\000i\000l\000e\000\040\000R\000e\000f\000e\000r\000e\000n\000c\000e}{chapter.5}% 224
\BOOKMARK [2][-]{subsection.5.25.1}{\376\377\0005\000.\0002\0005\000.\0001\000\040\000D\000e\000t\000a\000i\000l\000e\000d\000\040\000D\000e\000s\000c\000r\000i\000p\000t\000i\000o\000n}{section.5.25}% 225
\BOOKMARK [2][-]{subsection.5.25.2}{\376\377\0005\000.\0002\0005\000.\0002\000\040\000F\000u\000n\000c\000t\000i\000o\000n\000\040\000D\000o\000c\000u\000m\000e\000n\000t\000a\000t\000i\000o\000n}{section.5.25}% 226
\BOOKMARK [3][-]{subsubsection.5.25.2.1}{\376\377\0005\000.\0002\0005\000.\0002\000.\0001\000\040\000d\000i\000s\000p\000a\000t\000c\000h\000\137\000e\000v\000e\000n\000t\000\050\000\051}{subsection.5.25.2}% 227
\BOOKMARK [3][-]{subsubsection.5.25.2.2}{\376\377\0005\000.\0002\0005\000.\0002\000.\0002\000\040\000e\000v\000a\000l\000u\000a\000t\000e\000\137\000o\000b\000s\000t\000a\000c\000l\000e\000\050\000\051}{subsection.5.25.2}% 228
\BOOKMARK [3][-]{subsubsection.5.25.2.3}{\376\377\0005\000.\0002\0005\000.\0002\000.\0003\000\040\000f\000s\000m\000\137\000i\000n\000i\000t\000\050\000\051}{subsection.5.25.2}% 229
\BOOKMARK [3][-]{subsubsection.5.25.2.4}{\376\377\0005\000.\0002\0005\000.\0002\000.\0004\000\040\000g\000e\000t\000\137\000c\000u\000r\000r\000e\000n\000t\000\137\000s\000t\000a\000t\000e\000\050\000\051}{subsection.5.25.2}% 230
\BOOKMARK [3][-]{subsubsection.5.25.2.5}{\376\377\0005\000.\0002\0005\000.\0002\000.\0005\000\040\000h\000a\000n\000d\000l\000e\000\137\000h\000a\000l\000t\000\050\000\051}{subsection.5.25.2}% 231
\BOOKMARK [3][-]{subsubsection.5.25.2.6}{\376\377\0005\000.\0002\0005\000.\0002\000.\0006\000\040\000h\000a\000n\000d\000l\000e\000\137\000m\000o\000v\000e\000\050\000\051}{subsection.5.25.2}% 232
\BOOKMARK [3][-]{subsubsection.5.25.2.7}{\376\377\0005\000.\0002\0005\000.\0002\000.\0007\000\040\000h\000a\000n\000d\000l\000e\000\137\000o\000b\000s\000t\000a\000c\000l\000e\000\050\000\051}{subsection.5.25.2}% 233
\BOOKMARK [2][-]{subsection.5.25.3}{\376\377\0005\000.\0002\0005\000.\0003\000\040\000V\000a\000r\000i\000a\000b\000l\000e\000\040\000D\000o\000c\000u\000m\000e\000n\000t\000a\000t\000i\000o\000n}{section.5.25}% 234
\BOOKMARK [3][-]{subsubsection.5.25.3.1}{\376\377\0005\000.\0002\0005\000.\0003\000.\0001\000\040\000s\000t\000a\000t\000e\000\137\000t\000a\000b\000l\000e}{subsection.5.25.3}% 235
\BOOKMARK [1][-]{section.5.26}{\376\377\0005\000.\0002\0006\000\040\000s\000r\000c\000/\000c\000o\000r\000e\000/\000m\000a\000i\000n\000.\000c\000\040\000F\000i\000l\000e\000\040\000R\000e\000f\000e\000r\000e\000n\000c\000e}{chapter.5}% 236
\BOOKMARK [2][-]{subsection.5.26.1}{\376\377\0005\000.\0002\0006\000.\0001\000\040\000D\000e\000t\000a\000i\000l\000e\000d\000\040\000D\000e\000s\000c\000r\000i\000p\000t\000i\000o\000n}{section.5.26}% 237
\BOOKMARK [2][-]{subsection.5.26.2}{\376\377\0005\000.\0002\0006\000.\0002\000\040\000F\000u\000n\000c\000t\000i\000o\000n\000\040\000D\000o\000c\000u\000m\000e\000n\000t\000a\000t\000i\000o\000n}{section.5.26}% 238
\BOOKMARK [3][-]{subsubsection.5.26.2.1}{\376\377\0005\000.\0002\0006\000.\0002\000.\0001\000\040\000m\000a\000i\000n\000\050\000\051}{subsection.5.26.2}% 239
\BOOKMARK [1][-]{section.5.27}{\376\377\0005\000.\0002\0007\000\040\000s\000r\000c\000/\000c\000o\000r\000e\000/\000s\000c\000h\000e\000d\000u\000l\000e\000r\000.\000c\000\040\000F\000i\000l\000e\000\040\000R\000e\000f\000e\000r\000e\000n\000c\000e}{chapter.5}% 240
\BOOKMARK [2][-]{subsection.5.27.1}{\376\377\0005\000.\0002\0007\000.\0001\000\040\000D\000e\000t\000a\000i\000l\000e\000d\000\040\000D\000e\000s\000c\000r\000i\000p\000t\000i\000o\000n}{section.5.27}% 241
\BOOKMARK [2][-]{subsection.5.27.2}{\376\377\0005\000.\0002\0007\000.\0002\000\040\000F\000u\000n\000c\000t\000i\000o\000n\000\040\000D\000o\000c\000u\000m\000e\000n\000t\000a\000t\000i\000o\000n}{section.5.27}% 242
\BOOKMARK [3][-]{subsubsection.5.27.2.1}{\376\377\0005\000.\0002\0007\000.\0002\000.\0001\000\040\000d\000i\000s\000a\000b\000l\000e\000\137\000t\000a\000s\000k\000\050\000\051}{subsection.5.27.2}% 243
\BOOKMARK [3][-]{subsubsection.5.27.2.2}{\376\377\0005\000.\0002\0007\000.\0002\000.\0002\000\040\000e\000n\000a\000b\000l\000e\000\137\000t\000a\000s\000k\000\050\000\051}{subsection.5.27.2}% 244
\BOOKMARK [3][-]{subsubsection.5.27.2.3}{\376\377\0005\000.\0002\0007\000.\0002\000.\0003\000\040\000r\000e\000g\000i\000s\000t\000e\000r\000\137\000t\000a\000s\000k\000\050\000\051}{subsection.5.27.2}% 245
\BOOKMARK [3][-]{subsubsection.5.27.2.4}{\376\377\0005\000.\0002\0007\000.\0002\000.\0004\000\040\000s\000c\000h\000e\000d\000u\000l\000e\000r\000\050\000\051}{subsection.5.27.2}% 246
\BOOKMARK [1][-]{section.5.28}{\376\377\0005\000.\0002\0008\000\040\000s\000r\000c\000/\000c\000o\000r\000e\000/\000t\000a\000s\000k\000s\000.\000c\000\040\000F\000i\000l\000e\000\040\000R\000e\000f\000e\000r\000e\000n\000c\000e}{chapter.5}% 247
\BOOKMARK [2][-]{subsection.5.28.1}{\376\377\0005\000.\0002\0008\000.\0001\000\040\000D\000e\000t\000a\000i\000l\000e\000d\000\040\000D\000e\000s\000c\000r\000i\000p\000t\000i\000o\000n}{section.5.28}% 248
\BOOKMARK [2][-]{subsection.5.28.2}{\376\377\0005\000.\0002\0008\000.\0002\000\040\000F\000u\000n\000c\000t\000i\000o\000n\000\040\000D\000o\000c\000u\000m\000e\000n\000t\000a\000t\000i\000o\000n}{section.5.28}% 249
\BOOKMARK [3][-]{subsubsection.5.28.2.1}{\376\377\0005\000.\0002\0008\000.\0002\000.\0001\000\040\000b\000l\000i\000n\000k\000\137\000A\0000\000\050\000\051}{subsection.5.28.2}% 250
\BOOKMARK [3][-]{subsubsection.5.28.2.2}{\376\377\0005\000.\0002\0008\000.\0002\000.\0002\000\040\000b\000l\000i\000n\000k\000\137\000l\000i\000g\000h\000t\000s\000\050\000\051}{subsection.5.28.2}% 251
\BOOKMARK [3][-]{subsubsection.5.28.2.3}{\376\377\0005\000.\0002\0008\000.\0002\000.\0003\000\040\000b\000u\000t\000t\000o\000n\000\137\000p\000o\000l\000l\000i\000n\000g\000\050\000\051}{subsection.5.28.2}% 252
\BOOKMARK [3][-]{subsubsection.5.28.2.4}{\376\377\0005\000.\0002\0008\000.\0002\000.\0004\000\040\000c\000a\000r\000\137\000s\000t\000o\000p\000p\000e\000d\000\050\000\051}{subsection.5.28.2}% 253
\BOOKMARK [3][-]{subsubsection.5.28.2.5}{\376\377\0005\000.\0002\0008\000.\0002\000.\0005\000\040\000h\000w\000\137\000i\000n\000i\000t\000\050\000\051}{subsection.5.28.2}% 254
\BOOKMARK [3][-]{subsubsection.5.28.2.6}{\376\377\0005\000.\0002\0008\000.\0002\000.\0006\000\040\000m\000o\000v\000e\000\050\000\051}{subsection.5.28.2}% 255
\BOOKMARK [3][-]{subsubsection.5.28.2.7}{\376\377\0005\000.\0002\0008\000.\0002\000.\0007\000\040\000r\000e\000a\000d\000\137\000a\000c\000c\000\137\000m\000a\000g\000\050\000\051}{subsection.5.28.2}% 256
\BOOKMARK [3][-]{subsubsection.5.28.2.8}{\376\377\0005\000.\0002\0008\000.\0002\000.\0008\000\040\000r\000e\000a\000d\000\137\000g\000y\000r\000o\000\050\000\051}{subsection.5.28.2}% 257
\BOOKMARK [3][-]{subsubsection.5.28.2.9}{\376\377\0005\000.\0002\0008\000.\0002\000.\0009\000\040\000r\000e\000a\000d\000\137\000I\000R\000\050\000\051}{subsection.5.28.2}% 258
\BOOKMARK [3][-]{subsubsection.5.28.2.10}{\376\377\0005\000.\0002\0008\000.\0002\000.\0001\0000\000\040\000t\000a\000s\000k\000s\000\137\000i\000n\000i\000t\000\050\000\051}{subsection.5.28.2}% 259
\BOOKMARK [3][-]{subsubsection.5.28.2.11}{\376\377\0005\000.\0002\0008\000.\0002\000.\0001\0001\000\040\000U\000A\000R\000T\000\137\000b\000a\000t\000\137\000l\000o\000g\000\050\000\051}{subsection.5.28.2}% 260
\BOOKMARK [3][-]{subsubsection.5.28.2.12}{\376\377\0005\000.\0002\0008\000.\0002\000.\0001\0002\000\040\000U\000A\000R\000T\000\137\000g\000e\000t\000\137\000t\000w\000i\000s\000t\000\050\000\051}{subsection.5.28.2}% 261
\BOOKMARK [3][-]{subsubsection.5.28.2.13}{\376\377\0005\000.\0002\0008\000.\0002\000.\0001\0003\000\040\000U\000A\000R\000T\000\137\000l\000o\000g\000\050\000\051}{subsection.5.28.2}% 262
\BOOKMARK [3][-]{subsubsection.5.28.2.14}{\376\377\0005\000.\0002\0008\000.\0002\000.\0001\0004\000\040\000U\000A\000R\000T\000\137\000l\000o\000g\000\137\000b\000t\000\050\000\051}{subsection.5.28.2}% 263
\BOOKMARK [1][-]{section.5.29}{\376\377\0005\000.\0002\0009\000\040\000s\000r\000c\000/\000d\000r\000i\000v\000e\000r\000s\000/\000a\000d\000c\000.\000c\000\040\000F\000i\000l\000e\000\040\000R\000e\000f\000e\000r\000e\000n\000c\000e}{chapter.5}% 264
\BOOKMARK [2][-]{subsection.5.29.1}{\376\377\0005\000.\0002\0009\000.\0001\000\040\000D\000e\000t\000a\000i\000l\000e\000d\000\040\000D\000e\000s\000c\000r\000i\000p\000t\000i\000o\000n}{section.5.29}% 265
\BOOKMARK [2][-]{subsection.5.29.2}{\376\377\0005\000.\0002\0009\000.\0002\000\040\000F\000u\000n\000c\000t\000i\000o\000n\000\040\000D\000o\000c\000u\000m\000e\000n\000t\000a\000t\000i\000o\000n}{section.5.29}% 266
\BOOKMARK [3][-]{subsubsection.5.29.2.1}{\376\377\0005\000.\0002\0009\000.\0002\000.\0001\000\040\000a\000d\000c\000\137\000c\000o\000n\000v\000e\000r\000t\000e\000r\000\050\000\051}{subsection.5.29.2}% 267
\BOOKMARK [3][-]{subsubsection.5.29.2.2}{\376\377\0005\000.\0002\0009\000.\0002\000.\0002\000\040\000a\000d\000c\000\137\000i\000n\000i\000t\000\050\000\051}{subsection.5.29.2}% 268
\BOOKMARK [3][-]{subsubsection.5.29.2.3}{\376\377\0005\000.\0002\0009\000.\0002\000.\0003\000\040\000a\000d\000c\000\137\000s\000c\000a\000n\000\137\000a\000u\000t\000o\000\050\000\051}{subsection.5.29.2}% 269
\BOOKMARK [1][-]{section.5.30}{\376\377\0005\000.\0003\0000\000\040\000s\000r\000c\000/\000d\000r\000i\000v\000e\000r\000s\000/\000B\000O\000S\000C\000H\000\137\000B\000M\000X\0000\0005\0005\000.\000c\000\040\000F\000i\000l\000e\000\040\000R\000e\000f\000e\000r\000e\000n\000c\000e}{chapter.5}% 270
\BOOKMARK [2][-]{subsection.5.30.1}{\376\377\0005\000.\0003\0000\000.\0001\000\040\000D\000e\000t\000a\000i\000l\000e\000d\000\040\000D\000e\000s\000c\000r\000i\000p\000t\000i\000o\000n}{section.5.30}% 271
\BOOKMARK [2][-]{subsection.5.30.2}{\376\377\0005\000.\0003\0000\000.\0002\000\040\000F\000u\000n\000c\000t\000i\000o\000n\000\040\000D\000o\000c\000u\000m\000e\000n\000t\000a\000t\000i\000o\000n}{section.5.30}% 272
\BOOKMARK [3][-]{subsubsection.5.30.2.1}{\376\377\0005\000.\0003\0000\000.\0002\000.\0001\000\040\000B\000M\000X\0000\0005\0005\000\137\000m\000a\000g\000\137\000w\000a\000k\000e\000u\000p\000\050\000\051}{subsection.5.30.2}% 273
\BOOKMARK [3][-]{subsubsection.5.30.2.2}{\376\377\0005\000.\0003\0000\000.\0002\000.\0002\000\040\000B\000M\000X\0000\0005\0005\000\137\000s\000e\000t\000u\000p\000\050\000\051}{subsection.5.30.2}% 274
\BOOKMARK [3][-]{subsubsection.5.30.2.3}{\376\377\0005\000.\0003\0000\000.\0002\000.\0003\000\040\000f\000o\000r\000m\000a\000t\0001\0002\000b\000i\000t\000\050\000\051}{subsection.5.30.2}% 275
\BOOKMARK [3][-]{subsubsection.5.30.2.4}{\376\377\0005\000.\0003\0000\000.\0002\000.\0004\000\040\000f\000o\000r\000m\000a\000t\0001\0003\000b\000i\000t\000\050\000\051}{subsection.5.30.2}% 276
\BOOKMARK [3][-]{subsubsection.5.30.2.5}{\376\377\0005\000.\0003\0000\000.\0002\000.\0005\000\040\000f\000o\000r\000m\000a\000t\0001\0005\000b\000i\000t\000\050\000\051}{subsection.5.30.2}% 277
\BOOKMARK [3][-]{subsubsection.5.30.2.6}{\376\377\0005\000.\0003\0000\000.\0002\000.\0006\000\040\000f\000o\000r\000m\000a\000t\0001\0006\000b\000i\000t\000\050\000\051}{subsection.5.30.2}% 278
\BOOKMARK [3][-]{subsubsection.5.30.2.7}{\376\377\0005\000.\0003\0000\000.\0002\000.\0007\000\040\000i\000m\000u\000R\000e\000a\000d\000\050\000\051}{subsection.5.30.2}% 279
\BOOKMARK [1][-]{section.5.31}{\376\377\0005\000.\0003\0001\000\040\000s\000r\000c\000/\000d\000r\000i\000v\000e\000r\000s\000/\000b\000u\000t\000t\000o\000n\000.\000c\000\040\000F\000i\000l\000e\000\040\000R\000e\000f\000e\000r\000e\000n\000c\000e}{chapter.5}% 280
\BOOKMARK [2][-]{subsection.5.31.1}{\376\377\0005\000.\0003\0001\000.\0001\000\040\000D\000e\000t\000a\000i\000l\000e\000d\000\040\000D\000e\000s\000c\000r\000i\000p\000t\000i\000o\000n}{section.5.31}% 281
\BOOKMARK [2][-]{subsection.5.31.2}{\376\377\0005\000.\0003\0001\000.\0002\000\040\000F\000u\000n\000c\000t\000i\000o\000n\000\040\000D\000o\000c\000u\000m\000e\000n\000t\000a\000t\000i\000o\000n}{section.5.31}% 282
\BOOKMARK [3][-]{subsubsection.5.31.2.1}{\376\377\0005\000.\0003\0001\000.\0002\000.\0001\000\040\000b\000u\000t\000t\000o\000n\000\137\000h\000a\000s\000\137\000j\000u\000s\000t\000\137\000b\000e\000e\000n\000\137\000p\000r\000e\000s\000s\000e\000d\000\050\000\051}{subsection.5.31.2}% 283
\BOOKMARK [3][-]{subsubsection.5.31.2.2}{\376\377\0005\000.\0003\0001\000.\0002\000.\0002\000\040\000b\000u\000t\000t\000o\000n\000\137\000i\000n\000i\000t\000\050\000\051}{subsection.5.31.2}% 284
\BOOKMARK [1][-]{section.5.32}{\376\377\0005\000.\0003\0002\000\040\000s\000r\000c\000/\000d\000r\000i\000v\000e\000r\000s\000/\000p\000w\000m\000.\000c\000\040\000F\000i\000l\000e\000\040\000R\000e\000f\000e\000r\000e\000n\000c\000e}{chapter.5}% 285
\BOOKMARK [2][-]{subsection.5.32.1}{\376\377\0005\000.\0003\0002\000.\0001\000\040\000D\000e\000t\000a\000i\000l\000e\000d\000\040\000D\000e\000s\000c\000r\000i\000p\000t\000i\000o\000n}{section.5.32}% 286
\BOOKMARK [2][-]{subsection.5.32.2}{\376\377\0005\000.\0003\0002\000.\0002\000\040\000F\000u\000n\000c\000t\000i\000o\000n\000\040\000D\000o\000c\000u\000m\000e\000n\000t\000a\000t\000i\000o\000n}{section.5.32}% 287
\BOOKMARK [3][-]{subsubsection.5.32.2.1}{\376\377\0005\000.\0003\0002\000.\0002\000.\0001\000\040\000c\000l\000a\000m\000p\000\050\000\051}{subsection.5.32.2}% 288
\BOOKMARK [3][-]{subsubsection.5.32.2.2}{\376\377\0005\000.\0003\0002\000.\0002\000.\0002\000\040\000e\000x\000e\000c\000u\000t\000e\000\137\000m\000o\000t\000i\000o\000n\000\050\000\051}{subsection.5.32.2}% 289
\BOOKMARK [3][-]{subsubsection.5.32.2.3}{\376\377\0005\000.\0003\0002\000.\0002\000.\0003\000\040\000p\000w\000m\000\137\000i\000n\000i\000t\000\050\000\051}{subsection.5.32.2}% 290
\BOOKMARK [3][-]{subsubsection.5.32.2.4}{\376\377\0005\000.\0003\0002\000.\0002\000.\0004\000\040\000p\000w\000m\000\137\000s\000e\000t\000\137\000d\000u\000t\000y\000\137\000c\000y\000c\000l\000e\000\050\000\051}{subsection.5.32.2}% 291
\BOOKMARK [1][-]{section.5.33}{\376\377\0005\000.\0003\0003\000\040\000s\000r\000c\000/\000d\000r\000i\000v\000e\000r\000s\000/\000s\000p\000i\000.\000c\000\040\000F\000i\000l\000e\000\040\000R\000e\000f\000e\000r\000e\000n\000c\000e}{chapter.5}% 292
\BOOKMARK [2][-]{subsection.5.33.1}{\376\377\0005\000.\0003\0003\000.\0001\000\040\000D\000e\000t\000a\000i\000l\000e\000d\000\040\000D\000e\000s\000c\000r\000i\000p\000t\000i\000o\000n}{section.5.33}% 293
\BOOKMARK [2][-]{subsection.5.33.2}{\376\377\0005\000.\0003\0003\000.\0002\000\040\000F\000u\000n\000c\000t\000i\000o\000n\000\040\000D\000o\000c\000u\000m\000e\000n\000t\000a\000t\000i\000o\000n}{section.5.33}% 294
\BOOKMARK [3][-]{subsubsection.5.33.2.1}{\376\377\0005\000.\0003\0003\000.\0002\000.\0001\000\040\000s\000p\000i\0001\000\137\000m\000i\000k\000r\000o\000b\000u\000s\0001\000\137\000s\000e\000t\000u\000p\000\050\000\051}{subsection.5.33.2}% 295
\BOOKMARK [3][-]{subsubsection.5.33.2.2}{\376\377\0005\000.\0003\0003\000.\0002\000.\0002\000\040\000s\000p\000i\0001\000\137\000w\000r\000i\000t\000e\000\050\000\051}{subsection.5.33.2}% 296
\BOOKMARK [1][-]{section.5.34}{\376\377\0005\000.\0003\0004\000\040\000s\000r\000c\000/\000d\000r\000i\000v\000e\000r\000s\000/\000t\000i\000m\000e\000r\000.\000c\000\040\000F\000i\000l\000e\000\040\000R\000e\000f\000e\000r\000e\000n\000c\000e}{chapter.5}% 297
\BOOKMARK [2][-]{subsection.5.34.1}{\376\377\0005\000.\0003\0004\000.\0001\000\040\000D\000e\000t\000a\000i\000l\000e\000d\000\040\000D\000e\000s\000c\000r\000i\000p\000t\000i\000o\000n}{section.5.34}% 298
\BOOKMARK [2][-]{subsection.5.34.2}{\376\377\0005\000.\0003\0004\000.\0002\000\040\000F\000u\000n\000c\000t\000i\000o\000n\000\040\000D\000o\000c\000u\000m\000e\000n\000t\000a\000t\000i\000o\000n}{section.5.34}% 299
\BOOKMARK [3][-]{subsubsection.5.34.2.1}{\376\377\0005\000.\0003\0004\000.\0002\000.\0001\000\040\000t\000m\000r\000\137\000s\000e\000t\000u\000p\000\137\000p\000e\000r\000i\000o\000d\000\050\000\051}{subsection.5.34.2}% 300
\BOOKMARK [3][-]{subsubsection.5.34.2.2}{\376\377\0005\000.\0003\0004\000.\0002\000.\0002\000\040\000t\000m\000r\000\137\000w\000a\000i\000t\000\137\000m\000s\000\050\000\051}{subsection.5.34.2}% 301
\BOOKMARK [3][-]{subsubsection.5.34.2.3}{\376\377\0005\000.\0003\0004\000.\0002\000.\0003\000\040\000t\000m\000r\000\137\000w\000a\000i\000t\000\137\000p\000e\000r\000i\000o\000d\000\050\000\051}{subsection.5.34.2}% 302
\BOOKMARK [1][-]{section.5.35}{\376\377\0005\000.\0003\0005\000\040\000s\000r\000c\000/\000d\000r\000i\000v\000e\000r\000s\000/\000u\000a\000r\000t\000.\000c\000\040\000F\000i\000l\000e\000\040\000R\000e\000f\000e\000r\000e\000n\000c\000e}{chapter.5}% 303
\BOOKMARK [2][-]{subsection.5.35.1}{\376\377\0005\000.\0003\0005\000.\0001\000\040\000D\000e\000t\000a\000i\000l\000e\000d\000\040\000D\000e\000s\000c\000r\000i\000p\000t\000i\000o\000n}{section.5.35}% 304
\BOOKMARK [2][-]{subsection.5.35.2}{\376\377\0005\000.\0003\0005\000.\0002\000\040\000F\000u\000n\000c\000t\000i\000o\000n\000\040\000D\000o\000c\000u\000m\000e\000n\000t\000a\000t\000i\000o\000n}{section.5.35}% 305
\BOOKMARK [3][-]{subsubsection.5.35.2.1}{\376\377\0005\000.\0003\0005\000.\0002\000.\0001\000\040\000\137\000U\0001\000R\000X\000I\000n\000t\000e\000r\000r\000u\000p\000t\000\050\000\051}{subsection.5.35.2}% 306
\BOOKMARK [3][-]{subsubsection.5.35.2.2}{\376\377\0005\000.\0003\0005\000.\0002\000.\0002\000\040\000\137\000U\0001\000T\000X\000I\000n\000t\000e\000r\000r\000u\000p\000t\000\050\000\051}{subsection.5.35.2}% 307
\BOOKMARK [3][-]{subsubsection.5.35.2.3}{\376\377\0005\000.\0003\0005\000.\0002\000.\0003\000\040\000u\000a\000r\000t\0001\000\137\000g\000e\000t\000\137\000r\000x\000\137\000c\000o\000u\000n\000t\000\050\000\051}{subsection.5.35.2}% 308
\BOOKMARK [3][-]{subsubsection.5.35.2.4}{\376\377\0005\000.\0003\0005\000.\0002\000.\0004\000\040\000u\000a\000r\000t\0001\000\137\000g\000e\000t\000\137\000t\000x\000\137\000c\000o\000u\000n\000t\000\050\000\051}{subsection.5.35.2}% 309
\BOOKMARK [3][-]{subsubsection.5.35.2.5}{\376\377\0005\000.\0003\0005\000.\0002\000.\0005\000\040\000u\000a\000r\000t\0001\000\137\000m\000i\000k\000r\000o\000b\000u\000s\0002\000\137\000s\000e\000t\000u\000p\000\050\000\051}{subsection.5.35.2}% 310
\BOOKMARK [3][-]{subsubsection.5.35.2.6}{\376\377\0005\000.\0003\0005\000.\0002\000.\0006\000\040\000u\000a\000r\000t\0001\000\137\000r\000e\000a\000d\000\137\000c\000h\000a\000r\000\050\000\051}{subsection.5.35.2}% 311
\BOOKMARK [3][-]{subsubsection.5.35.2.7}{\376\377\0005\000.\0003\0005\000.\0002\000.\0007\000\040\000u\000a\000r\000t\0001\000\137\000w\000r\000i\000t\000e\000\050\000\051}{subsection.5.35.2}% 312
\BOOKMARK [0][-]{section*.55}{\376\377\000I\000n\000d\000e\000x}{}% 313
